<?xml version="1.0" encoding="UTF-8"?>
<!-- Generated by org.testng.reporters.JUnitXMLReporter -->
<testsuite ignored="0" hostname="LAPTOP-JD5RA05K" failures="0" tests="5" name="Default test" time="28.66" errors="0" timestamp="2025-10-12T16:16:27 IST">
  <testcase classname="testnew.Login" name="verifyInvalidLogin" time="4.29"/>
  <testcase classname="testnew.Login" name="verifyLoginWithValidUserInvalidPass" time="2.265"/>
  <testcase classname="testnew.Login" name="verifyLoginWithinValidUservalidPass" time="2.246"/>
  <testcase classname="testnew.Login" name="verifyLoginWithBlankcredentials" time="4.256"/>
  <testcase classname="testnew.Login" name="verifyLoginWithValidUservalidPass" time="2.251"/>
</testsuite> <!-- Default test -->
