<?xml version="1.0" encoding="UTF-8"?>
<!-- Generated by org.testng.reporters.JUnitXMLReporter -->
<testsuite ignored="1" hostname="LAPTOP-JD5RA05K" failures="0" tests="5" name="Default test" time="85.145" errors="0" timestamp="2025-10-24T19:03:47 IST">
  <testcase classname="testnew.Home" name="verifyFirstJobTitle" time="15.476"/>
  <testcase classname="testnew.Home" name="verifyLogout" time="7.848"/>
  <testcase classname="testnew.Home" name="verifySaveJobs" time="13.562"/>
  <testcase classname="testnew.Home" name="verifyTheBasicJobSearch" time="12.363"/>
  <testcase classname="testnew.Home" name="verifyTheBasicJobSearchUsingLoc" time="14.101"/>
  <testcase classname="testnew.Home" name="verifyResumeUpload" time="0.0">
    <ignored/>
  </testcase> <!-- verifyResumeUpload -->
</testsuite> <!-- Default test -->
