<?xml version="1.0" encoding="UTF-8"?>
<testng-results ignored="0" total="5" passed="5" failed="0" skipped="0">
  <reporter-output>
  </reporter-output>
  <suite started-at="2025-10-24T19:02:22 IST" name="Default suite" finished-at="2025-10-24T19:03:47 IST" duration-ms="85145">
    <groups>
    </groups>
    <test started-at="2025-10-24T19:02:22 IST" name="Default test" finished-at="2025-10-24T19:03:47 IST" duration-ms="85145">
      <class name="testnew.Home">
        <test-method is-config="true" signature="setup()[pri:0, instance:testnew.Home@5ba88be8]" started-at="2025-10-24T19:02:22 IST" name="setup" finished-at="2025-10-24T19:02:27 IST" duration-ms="4344" status="PASS">
          <reporter-output>
          </reporter-output>
        </test-method> <!-- setup -->
        <test-method signature="verifyFirstJobTitle(java.lang.String,java.lang.String)[pri:0, instance:testnew.Home@5ba88be8]" started-at="2025-10-24T19:02:27 IST" name="verifyFirstJobTitle" description="verify the page title" data-provider="dataset" finished-at="2025-10-24T19:02:42 IST" duration-ms="15476" status="PASS">
          <params>
            <param index="0">
              <value>
                <![CDATA[asaxenaanuj.1993@gmail.com]]>
              </value>
            </param>
            <param index="1">
              <value>
                <![CDATA[Anuj@30491442]]>
              </value>
            </param>
          </params>
          <reporter-output>
          </reporter-output>
        </test-method> <!-- verifyFirstJobTitle -->
        <test-method is-config="true" signature="teardown()[pri:0, instance:testnew.Home@5ba88be8]" started-at="2025-10-24T19:02:42 IST" name="teardown" finished-at="2025-10-24T19:02:42 IST" duration-ms="238" status="PASS">
          <reporter-output>
          </reporter-output>
        </test-method> <!-- teardown -->
        <test-method is-config="true" signature="setup()[pri:0, instance:testnew.Home@5ba88be8]" started-at="2025-10-24T19:02:42 IST" name="setup" finished-at="2025-10-24T19:02:46 IST" duration-ms="3824" status="PASS">
          <reporter-output>
          </reporter-output>
        </test-method> <!-- setup -->
        <test-method signature="verifyLogout(java.lang.String,java.lang.String)[pri:0, instance:testnew.Home@5ba88be8]" started-at="2025-10-24T19:02:46 IST" name="verifyLogout" description="Verify Logout functionality" data-provider="dataset" finished-at="2025-10-24T19:02:54 IST" duration-ms="7848" status="PASS">
          <params>
            <param index="0">
              <value>
                <![CDATA[asaxenaanuj.1993@gmail.com]]>
              </value>
            </param>
            <param index="1">
              <value>
                <![CDATA[Anuj@30491442]]>
              </value>
            </param>
          </params>
          <reporter-output>
          </reporter-output>
        </test-method> <!-- verifyLogout -->
        <test-method is-config="true" signature="teardown()[pri:0, instance:testnew.Home@5ba88be8]" started-at="2025-10-24T19:02:54 IST" name="teardown" finished-at="2025-10-24T19:02:54 IST" duration-ms="233" status="PASS">
          <reporter-output>
          </reporter-output>
        </test-method> <!-- teardown -->
        <test-method is-config="true" signature="setup()[pri:0, instance:testnew.Home@5ba88be8]" started-at="2025-10-24T19:02:54 IST" name="setup" finished-at="2025-10-24T19:02:57 IST" duration-ms="2743" status="PASS">
          <reporter-output>
          </reporter-output>
        </test-method> <!-- setup -->
        <test-method signature="verifySaveJobs(java.lang.String,java.lang.String)[pri:0, instance:testnew.Home@5ba88be8]" started-at="2025-10-24T19:02:57 IST" name="verifySaveJobs" description="verify the save jobs" data-provider="dataset" finished-at="2025-10-24T19:03:11 IST" duration-ms="13562" status="PASS">
          <params>
            <param index="0">
              <value>
                <![CDATA[asaxenaanuj.1993@gmail.com]]>
              </value>
            </param>
            <param index="1">
              <value>
                <![CDATA[Anuj@30491442]]>
              </value>
            </param>
          </params>
          <reporter-output>
          </reporter-output>
        </test-method> <!-- verifySaveJobs -->
        <test-method is-config="true" signature="teardown()[pri:0, instance:testnew.Home@5ba88be8]" started-at="2025-10-24T19:03:11 IST" name="teardown" finished-at="2025-10-24T19:03:11 IST" duration-ms="269" status="PASS">
          <reporter-output>
          </reporter-output>
        </test-method> <!-- teardown -->
        <test-method is-config="true" signature="setup()[pri:0, instance:testnew.Home@5ba88be8]" started-at="2025-10-24T19:03:11 IST" name="setup" finished-at="2025-10-24T19:03:15 IST" duration-ms="4112" status="PASS">
          <reporter-output>
          </reporter-output>
        </test-method> <!-- setup -->
        <test-method signature="verifyTheBasicJobSearch(java.lang.String,java.lang.String)[pri:0, instance:testnew.Home@5ba88be8]" started-at="2025-10-24T19:03:15 IST" name="verifyTheBasicJobSearch" description="Verify The Basic Job Search" data-provider="dataset" finished-at="2025-10-24T19:03:27 IST" duration-ms="12363" status="PASS">
          <params>
            <param index="0">
              <value>
                <![CDATA[asaxenaanuj.1993@gmail.com]]>
              </value>
            </param>
            <param index="1">
              <value>
                <![CDATA[Anuj@30491442]]>
              </value>
            </param>
          </params>
          <reporter-output>
          </reporter-output>
        </test-method> <!-- verifyTheBasicJobSearch -->
        <test-method is-config="true" signature="teardown()[pri:0, instance:testnew.Home@5ba88be8]" started-at="2025-10-24T19:03:27 IST" name="teardown" finished-at="2025-10-24T19:03:28 IST" duration-ms="339" status="PASS">
          <reporter-output>
          </reporter-output>
        </test-method> <!-- teardown -->
        <test-method is-config="true" signature="setup()[pri:0, instance:testnew.Home@5ba88be8]" started-at="2025-10-24T19:03:28 IST" name="setup" finished-at="2025-10-24T19:03:33 IST" duration-ms="5431" status="PASS">
          <reporter-output>
          </reporter-output>
        </test-method> <!-- setup -->
        <test-method signature="verifyTheBasicJobSearchUsingLoc(java.lang.String,java.lang.String)[pri:0, instance:testnew.Home@5ba88be8]" started-at="2025-10-24T19:03:33 IST" name="verifyTheBasicJobSearchUsingLoc" description="Verify The Basic Job Search using location keyword" data-provider="dataset" finished-at="2025-10-24T19:03:47 IST" duration-ms="14101" status="PASS">
          <params>
            <param index="0">
              <value>
                <![CDATA[asaxenaanuj.1993@gmail.com]]>
              </value>
            </param>
            <param index="1">
              <value>
                <![CDATA[Anuj@30491442]]>
              </value>
            </param>
          </params>
          <reporter-output>
          </reporter-output>
        </test-method> <!-- verifyTheBasicJobSearchUsingLoc -->
        <test-method is-config="true" signature="teardown()[pri:0, instance:testnew.Home@5ba88be8]" started-at="2025-10-24T19:03:47 IST" name="teardown" finished-at="2025-10-24T19:03:47 IST" duration-ms="193" status="PASS">
          <reporter-output>
          </reporter-output>
        </test-method> <!-- teardown -->
      </class> <!-- testnew.Home -->
    </test> <!-- Default test -->
  </suite> <!-- Default suite -->
</testng-results>
