<?xml version="1.0" encoding="UTF-8"?>
<testng-results ignored="0" total="5" passed="5" failed="0" skipped="0">
  <reporter-output>
  </reporter-output>
  <suite started-at="2025-10-12T16:15:58 IST" name="Default suite" finished-at="2025-10-12T16:16:27 IST" duration-ms="28660">
    <groups>
    </groups>
    <test started-at="2025-10-12T16:15:58 IST" name="Default test" finished-at="2025-10-12T16:16:27 IST" duration-ms="28660">
      <class name="testnew.Login">
        <test-method is-config="true" signature="setup()[pri:0, instance:testnew.Login@10a9d961]" started-at="2025-10-12T16:15:58 IST" name="setup" finished-at="2025-10-12T16:16:01 IST" duration-ms="2948" status="PASS">
          <reporter-output>
          </reporter-output>
        </test-method> <!-- setup -->
        <test-method signature="verifyInvalidLogin()[pri:0, instance:testnew.Login@10a9d961]" started-at="2025-10-12T16:16:01 IST" name="verifyInvalidLogin" description="verify login with invalid username and invalid password" finished-at="2025-10-12T16:16:06 IST" duration-ms="4290" status="PASS">
          <reporter-output>
          </reporter-output>
        </test-method> <!-- verifyInvalidLogin -->
        <test-method is-config="true" signature="teardown()[pri:0, instance:testnew.Login@10a9d961]" started-at="2025-10-12T16:16:06 IST" name="teardown" finished-at="2025-10-12T16:16:06 IST" duration-ms="208" status="PASS">
          <reporter-output>
          </reporter-output>
        </test-method> <!-- teardown -->
        <test-method is-config="true" signature="setup()[pri:0, instance:testnew.Login@10a9d961]" started-at="2025-10-12T16:16:06 IST" name="setup" finished-at="2025-10-12T16:16:08 IST" duration-ms="2317" status="PASS">
          <reporter-output>
          </reporter-output>
        </test-method> <!-- setup -->
        <test-method signature="verifyLoginWithValidUserInvalidPass()[pri:1, instance:testnew.Login@10a9d961]" started-at="2025-10-12T16:16:08 IST" name="verifyLoginWithValidUserInvalidPass" description="verify login with valid username and invalid password" finished-at="2025-10-12T16:16:10 IST" duration-ms="2265" status="PASS">
          <reporter-output>
          </reporter-output>
        </test-method> <!-- verifyLoginWithValidUserInvalidPass -->
        <test-method is-config="true" signature="teardown()[pri:0, instance:testnew.Login@10a9d961]" started-at="2025-10-12T16:16:10 IST" name="teardown" finished-at="2025-10-12T16:16:11 IST" duration-ms="153" status="PASS">
          <reporter-output>
          </reporter-output>
        </test-method> <!-- teardown -->
        <test-method is-config="true" signature="setup()[pri:0, instance:testnew.Login@10a9d961]" started-at="2025-10-12T16:16:11 IST" name="setup" finished-at="2025-10-12T16:16:13 IST" duration-ms="2194" status="PASS">
          <reporter-output>
          </reporter-output>
        </test-method> <!-- setup -->
        <test-method signature="verifyLoginWithinValidUservalidPass()[pri:2, instance:testnew.Login@10a9d961]" started-at="2025-10-12T16:16:13 IST" name="verifyLoginWithinValidUservalidPass" description="verify login with invalid username and valid password" finished-at="2025-10-12T16:16:15 IST" duration-ms="2246" status="PASS">
          <reporter-output>
          </reporter-output>
        </test-method> <!-- verifyLoginWithinValidUservalidPass -->
        <test-method is-config="true" signature="teardown()[pri:0, instance:testnew.Login@10a9d961]" started-at="2025-10-12T16:16:15 IST" name="teardown" finished-at="2025-10-12T16:16:15 IST" duration-ms="162" status="PASS">
          <reporter-output>
          </reporter-output>
        </test-method> <!-- teardown -->
        <test-method is-config="true" signature="setup()[pri:0, instance:testnew.Login@10a9d961]" started-at="2025-10-12T16:16:15 IST" name="setup" finished-at="2025-10-12T16:16:18 IST" duration-ms="2502" status="PASS">
          <reporter-output>
          </reporter-output>
        </test-method> <!-- setup -->
        <test-method signature="verifyLoginWithBlankcredentials()[pri:3, instance:testnew.Login@10a9d961]" started-at="2025-10-12T16:16:18 IST" name="verifyLoginWithBlankcredentials" description="verify login with blank credentials" finished-at="2025-10-12T16:16:22 IST" duration-ms="4256" status="PASS">
          <reporter-output>
          </reporter-output>
        </test-method> <!-- verifyLoginWithBlankcredentials -->
        <test-method is-config="true" signature="teardown()[pri:0, instance:testnew.Login@10a9d961]" started-at="2025-10-12T16:16:22 IST" name="teardown" finished-at="2025-10-12T16:16:22 IST" duration-ms="167" status="PASS">
          <reporter-output>
          </reporter-output>
        </test-method> <!-- teardown -->
        <test-method is-config="true" signature="setup()[pri:0, instance:testnew.Login@10a9d961]" started-at="2025-10-12T16:16:22 IST" name="setup" finished-at="2025-10-12T16:16:25 IST" duration-ms="2434" status="PASS">
          <reporter-output>
          </reporter-output>
        </test-method> <!-- setup -->
        <test-method signature="verifyLoginWithValidUservalidPass()[pri:4, instance:testnew.Login@10a9d961]" started-at="2025-10-12T16:16:25 IST" name="verifyLoginWithValidUservalidPass" description="verify login with valid username and valid password" finished-at="2025-10-12T16:16:27 IST" duration-ms="2251" status="PASS">
          <reporter-output>
          </reporter-output>
        </test-method> <!-- verifyLoginWithValidUservalidPass -->
        <test-method is-config="true" signature="teardown()[pri:0, instance:testnew.Login@10a9d961]" started-at="2025-10-12T16:16:27 IST" name="teardown" finished-at="2025-10-12T16:16:27 IST" duration-ms="213" status="PASS">
          <reporter-output>
          </reporter-output>
        </test-method> <!-- teardown -->
      </class> <!-- testnew.Login -->
    </test> <!-- Default test -->
  </suite> <!-- Default suite -->
</testng-results>
