<?xml version="1.0" encoding="UTF-8"?>
<!-- Generated by org.testng.reporters.JUnitXMLReporter -->
<testsuite ignored="0" hostname="LAPTOP-JD5RA05K" failures="0" tests="5" name="Test" time="27.554" errors="0" timestamp="2025-10-09T20:29:04 IST">
  <testcase classname="testnew.Login" name="verifyInvalidLogin" time="4.309"/>
  <testcase classname="testnew.Login" name="verifyLoginWithValidUserInvalidPass" time="2.282"/>
  <testcase classname="testnew.Login" name="verifyLoginWithinValidUservalidPass" time="2.246"/>
  <testcase classname="testnew.Login" name="verifyLoginWithBlankcredentials" time="4.255"/>
  <testcase classname="testnew.Login" name="verifyLoginWithValidUservalidPass" time="2.248"/>
</testsuite> <!-- Test -->
